TN:
SF:src/core/client.ts
FN:23,(anonymous_7)
FN:34,(anonymous_8)
FN:38,(anonymous_10)
FN:45,(anonymous_11)
FN:51,(anonymous_12)
FN:55,(anonymous_13)
FN:59,(anonymous_14)
FN:64,(anonymous_15)
FN:71,(anonymous_17)
FN:75,(anonymous_19)
FN:80,(anonymous_21)
FN:90,(anonymous_23)
FN:97,(anonymous_25)
FN:107,(anonymous_27)
FN:112,(anonymous_28)
FN:113,(anonymous_29)
FN:125,(anonymous_30)
FN:126,(anonymous_31)
FN:139,(anonymous_32)
FN:140,(anonymous_33)
FN:153,(anonymous_34)
FN:154,(anonymous_35)
FNF:22
FNH:21
FNDA:16,(anonymous_7)
FNDA:1,(anonymous_8)
FNDA:4,(anonymous_10)
FNDA:1,(anonymous_11)
FNDA:1,(anonymous_12)
FNDA:1,(anonymous_13)
FNDA:1,(anonymous_14)
FNDA:3,(anonymous_15)
FNDA:1,(anonymous_17)
FNDA:1,(anonymous_19)
FNDA:2,(anonymous_21)
FNDA:2,(anonymous_23)
FNDA:2,(anonymous_25)
FNDA:0,(anonymous_27)
FNDA:2,(anonymous_28)
FNDA:2,(anonymous_29)
FNDA:2,(anonymous_30)
FNDA:2,(anonymous_31)
FNDA:2,(anonymous_32)
FNDA:2,(anonymous_33)
FNDA:2,(anonymous_34)
FNDA:2,(anonymous_35)
DA:1,1
DA:2,1
DA:3,1
DA:18,1
DA:24,16
DA:25,16
DA:26,16
DA:35,1
DA:43,4
DA:44,4
DA:45,4
DA:46,1
DA:47,1
DA:52,1
DA:56,1
DA:60,1
DA:65,3
DA:66,1
DA:68,2
DA:72,1
DA:76,1
DA:81,2
DA:82,1
DA:84,1
DA:91,2
DA:92,1
DA:94,1
DA:98,2
DA:99,1
DA:101,1
DA:108,0
DA:113,2
DA:116,2
DA:117,1
DA:119,1
DA:126,2
DA:130,2
DA:131,1
DA:133,1
DA:140,2
DA:144,2
DA:145,1
DA:147,1
DA:154,2
DA:157,2
DA:158,1
DA:160,1
LF:47
LH:46
BRDA:27,0,0,16
BRDA:27,0,1,16
BRDA:29,1,0,16
BRDA:29,1,1,1
BRDA:41,2,0,0
BRDA:65,3,0,1
BRDA:81,4,0,1
BRDA:91,5,0,1
BRDA:98,6,0,1
BRDA:114,7,0,1
BRDA:116,8,0,1
BRDA:128,9,0,2
BRDA:130,10,0,1
BRDA:142,11,0,1
BRDA:144,12,0,1
BRDA:155,13,0,1
BRDA:157,14,0,1
BRF:17
BRH:16
end_of_record
TN:
SF:src/core/query-builder.ts
FN:29,(anonymous_7)
FN:39,(anonymous_8)
FN:49,(anonymous_9)
FN:59,(anonymous_10)
FN:69,(anonymous_11)
FN:79,(anonymous_12)
FN:89,(anonymous_13)
FN:97,(anonymous_14)
FN:114,(anonymous_16)
FN:128,(anonymous_18)
FN:140,(anonymous_20)
FNF:11
FNH:11
FNDA:5,(anonymous_7)
FNDA:1,(anonymous_8)
FNDA:3,(anonymous_9)
FNDA:1,(anonymous_10)
FNDA:1,(anonymous_11)
FNDA:1,(anonymous_12)
FNDA:4,(anonymous_13)
FNDA:1,(anonymous_14)
FNDA:2,(anonymous_16)
FNDA:1,(anonymous_18)
FNDA:1,(anonymous_20)
DA:21,2
DA:22,5
DA:23,5
DA:27,5
DA:30,5
DA:31,5
DA:40,1
DA:41,1
DA:50,3
DA:51,3
DA:60,1
DA:61,1
DA:70,1
DA:71,1
DA:80,1
DA:81,1
DA:90,4
DA:91,4
DA:98,1
DA:106,1
DA:117,2
DA:118,2
DA:129,1
DA:141,1
LF:24
LH:24
BRDA:59,0,0,0
BRDA:117,1,0,1
BRDA:117,1,1,1
BRF:3
BRH:2
end_of_record
TN:
SF:src/core/subscription-manager.ts
FN:26,(anonymous_1)
FN:34,(anonymous_2)
FN:39,(anonymous_3)
FN:40,(anonymous_4)
FN:44,(anonymous_5)
FN:51,(anonymous_6)
FN:63,(anonymous_7)
FN:67,(anonymous_8)
FN:79,(anonymous_9)
FN:84,(anonymous_10)
FN:91,(anonymous_11)
FN:96,(anonymous_12)
FN:106,(anonymous_13)
FN:120,(anonymous_14)
FN:133,(anonymous_15)
FNF:15
FNH:15
FNDA:13,(anonymous_1)
FNDA:16,(anonymous_2)
FNDA:16,(anonymous_3)
FNDA:16,(anonymous_4)
FNDA:15,(anonymous_5)
FNDA:2,(anonymous_6)
FNDA:2,(anonymous_7)
FNDA:1,(anonymous_8)
FNDA:2,(anonymous_9)
FNDA:2,(anonymous_10)
FNDA:15,(anonymous_11)
FNDA:1,(anonymous_12)
FNDA:6,(anonymous_13)
FNDA:3,(anonymous_14)
FNDA:6,(anonymous_15)
DA:1,2
DA:2,2
DA:19,2
DA:20,13
DA:21,13
DA:22,13
DA:23,13
DA:24,13
DA:27,13
DA:28,13
DA:29,13
DA:31,13
DA:35,16
DA:36,16
DA:40,16
DA:41,16
DA:42,16
DA:44,16
DA:45,15
DA:46,15
DA:47,15
DA:48,15
DA:51,16
DA:52,2
DA:53,2
DA:54,1
DA:55,1
DA:56,1
DA:59,1
DA:63,16
DA:64,2
DA:67,16
DA:68,1
DA:69,1
DA:70,1
DA:74,0
DA:80,2
DA:81,2
DA:82,2
DA:83,2
DA:84,2
DA:86,0
DA:87,0
DA:92,15
DA:93,15
DA:96,15
DA:97,1
DA:102,1
DA:107,6
DA:108,1
DA:111,5
DA:112,5
DA:117,5
DA:121,3
DA:122,1
DA:125,2
DA:126,2
DA:130,2
DA:134,6
DA:135,5
DA:136,5
DA:137,5
LF:62
LH:59
BRDA:54,0,0,1
BRDA:69,1,0,1
BRDA:69,2,0,1
BRDA:69,2,1,1
BRDA:80,3,0,2
BRDA:80,3,1,0
BRDA:93,4,0,0
BRDA:106,5,0,4
BRDA:107,6,0,1
BRDA:121,7,0,1
BRDA:134,8,0,5
BRF:11
BRH:9
end_of_record
TN:
SF:src/utils/request.ts
FN:7,(anonymous_8)
FN:18,(anonymous_9)
FN:19,(anonymous_10)
FN:28,(anonymous_11)
FN:32,(anonymous_13)
FN:40,(anonymous_15)
FN:48,(anonymous_17)
FNF:7
FNH:7
FNDA:11,(anonymous_8)
FNDA:1,(anonymous_9)
FNDA:3,(anonymous_10)
FNDA:1,(anonymous_11)
FNDA:1,(anonymous_13)
FNDA:1,(anonymous_15)
FNDA:1,(anonymous_17)
DA:1,2
DA:4,2
DA:8,11
DA:17,11
DA:18,1
DA:20,3
DA:21,2
DA:23,1
DA:29,1
DA:37,1
DA:45,1
DA:49,1
LF:12
LH:12
BRDA:9,0,0,11
BRDA:9,0,1,1
BRDA:20,1,0,2
BRDA:21,2,0,2
BRDA:21,2,1,1
BRF:5
BRH:5
end_of_record
